[debug] [2026-02-11T00:39:06.424Z] ----------------------------------------------------------------------
[debug] [2026-02-11T00:39:06.426Z] Command:       C:\Program Files\nodejs\node.exe C:\Users\einar\AppData\Roaming\npm\node_modules\firebase-tools\lib\bin\firebase.js apphosting:secrets:set NEXTAUTH_SECRET --project straight-data
[debug] [2026-02-11T00:39:06.427Z] CLI Version:   14.24.0
[debug] [2026-02-11T00:39:06.427Z] Platform:      win32
[debug] [2026-02-11T00:39:06.427Z] Node Version:  v22.19.0
[debug] [2026-02-11T00:39:06.427Z] Time:          Wed Feb 11 2026 01:39:06 GMT+0100 (Central European Standard Time)
[debug] [2026-02-11T00:39:06.427Z] ----------------------------------------------------------------------
[debug] 
[debug] [2026-02-11T00:39:06.432Z] > command requires scopes: ["email","openid","https://www.googleapis.com/auth/cloudplatformprojects.readonly","https://www.googleapis.com/auth/firebase","https://www.googleapis.com/auth/cloud-platform"]
[debug] [2026-02-11T00:39:06.433Z] > authorizing via signed-in user (einar.k.holt@gmail.com)
[debug] [2026-02-11T00:39:06.434Z] Checked if tokens are valid: false, expires at: 1770761180927
[debug] [2026-02-11T00:39:06.434Z] Checked if tokens are valid: false, expires at: 1770761180927
[debug] [2026-02-11T00:39:06.434Z] > refreshing access token with scopes: []
[debug] [2026-02-11T00:39:06.436Z] >>> [apiv2][query] POST https://www.googleapis.com/oauth2/v3/token [none]
[debug] [2026-02-11T00:39:06.436Z] >>> [apiv2][body] POST https://www.googleapis.com/oauth2/v3/token [omitted]
[debug] [2026-02-11T00:39:06.577Z] <<< [apiv2][status] POST https://www.googleapis.com/oauth2/v3/token 200
[debug] [2026-02-11T00:39:06.578Z] <<< [apiv2][body] POST https://www.googleapis.com/oauth2/v3/token [omitted]
[debug] [2026-02-11T00:39:06.587Z] >>> [apiv2][query] GET https://serviceusage.googleapis.com/v1/projects/straight-data/services/secretmanager.googleapis.com [none]
[debug] [2026-02-11T00:39:06.587Z] >>> [apiv2][(partial)header] GET https://serviceusage.googleapis.com/v1/projects/straight-data/services/secretmanager.googleapis.com x-goog-quota-user=projects/straight-data
[debug] [2026-02-11T00:39:07.502Z] <<< [apiv2][status] GET https://serviceusage.googleapis.com/v1/projects/straight-data/services/secretmanager.googleapis.com 200
[debug] [2026-02-11T00:39:07.502Z] <<< [apiv2][body] GET https://serviceusage.googleapis.com/v1/projects/straight-data/services/secretmanager.googleapis.com [omitted]
[debug] [2026-02-11T00:39:07.507Z] Checked if tokens are valid: true, expires at: 1770773945578
[debug] [2026-02-11T00:39:07.507Z] Checked if tokens are valid: true, expires at: 1770773945578
[debug] [2026-02-11T00:39:07.507Z] >>> [apiv2][query] GET https://serviceusage.googleapis.com/v1/projects/straight-data/services/firebaseapphosting.googleapis.com [none]
[debug] [2026-02-11T00:39:07.507Z] >>> [apiv2][(partial)header] GET https://serviceusage.googleapis.com/v1/projects/straight-data/services/firebaseapphosting.googleapis.com x-goog-quota-user=projects/straight-data
[debug] [2026-02-11T00:39:08.363Z] <<< [apiv2][status] GET https://serviceusage.googleapis.com/v1/projects/straight-data/services/firebaseapphosting.googleapis.com 200
[debug] [2026-02-11T00:39:08.363Z] <<< [apiv2][body] GET https://serviceusage.googleapis.com/v1/projects/straight-data/services/firebaseapphosting.googleapis.com [omitted]
[debug] [2026-02-11T00:39:08.368Z] > command requires scopes: ["email","openid","https://www.googleapis.com/auth/cloudplatformprojects.readonly","https://www.googleapis.com/auth/firebase","https://www.googleapis.com/auth/cloud-platform"]
[debug] [2026-02-11T00:39:08.368Z] > authorizing via signed-in user (einar.k.holt@gmail.com)
[debug] [2026-02-11T00:39:08.368Z] [iam] checking project straight-data for permissions ["firebase.projects.get","secretmanager.secrets.create","secretmanager.secrets.get","secretmanager.secrets.getIamPolicy","secretmanager.secrets.setIamPolicy","secretmanager.secrets.update","secretmanager.versions.add"]
[debug] [2026-02-11T00:39:08.369Z] Checked if tokens are valid: true, expires at: 1770773945578
[debug] [2026-02-11T00:39:08.369Z] Checked if tokens are valid: true, expires at: 1770773945578
[debug] [2026-02-11T00:39:08.369Z] >>> [apiv2][query] POST https://cloudresourcemanager.googleapis.com/v1/projects/straight-data:testIamPermissions [none]
[debug] [2026-02-11T00:39:08.369Z] >>> [apiv2][(partial)header] POST https://cloudresourcemanager.googleapis.com/v1/projects/straight-data:testIamPermissions x-goog-quota-user=projects/straight-data
[debug] [2026-02-11T00:39:08.369Z] >>> [apiv2][body] POST https://cloudresourcemanager.googleapis.com/v1/projects/straight-data:testIamPermissions {"permissions":["firebase.projects.get","secretmanager.secrets.create","secretmanager.secrets.get","secretmanager.secrets.getIamPolicy","secretmanager.secrets.setIamPolicy","secretmanager.secrets.update","secretmanager.versions.add"]}
[debug] [2026-02-11T00:39:09.125Z] <<< [apiv2][status] POST https://cloudresourcemanager.googleapis.com/v1/projects/straight-data:testIamPermissions 200
[debug] [2026-02-11T00:39:09.125Z] <<< [apiv2][body] POST https://cloudresourcemanager.googleapis.com/v1/projects/straight-data:testIamPermissions {"permissions":["firebase.projects.get","secretmanager.secrets.create","secretmanager.secrets.get","secretmanager.secrets.getIamPolicy","secretmanager.secrets.setIamPolicy","secretmanager.secrets.update","secretmanager.versions.add"]}
[debug] [2026-02-11T00:39:09.126Z] Checked if tokens are valid: true, expires at: 1770773945578
[debug] [2026-02-11T00:39:09.126Z] Checked if tokens are valid: true, expires at: 1770773945578
[debug] [2026-02-11T00:39:09.127Z] >>> [apiv2][query] GET https://serviceusage.googleapis.com/v1/projects/straight-data/services/cloudresourcemanager.googleapis.com [none]
[debug] [2026-02-11T00:39:09.127Z] >>> [apiv2][(partial)header] GET https://serviceusage.googleapis.com/v1/projects/straight-data/services/cloudresourcemanager.googleapis.com x-goog-quota-user=projects/straight-data
[debug] [2026-02-11T00:39:09.472Z] <<< [apiv2][status] GET https://serviceusage.googleapis.com/v1/projects/straight-data/services/cloudresourcemanager.googleapis.com 200
[debug] [2026-02-11T00:39:09.472Z] <<< [apiv2][body] GET https://serviceusage.googleapis.com/v1/projects/straight-data/services/cloudresourcemanager.googleapis.com [omitted]
[debug] [2026-02-11T00:39:09.477Z] Checked if tokens are valid: true, expires at: 1770773945578
[debug] [2026-02-11T00:39:09.477Z] Checked if tokens are valid: true, expires at: 1770773945578
[debug] [2026-02-11T00:39:09.477Z] >>> [apiv2][query] GET https://cloudresourcemanager.googleapis.com/v1/projects/straight-data [none]
[debug] [2026-02-11T00:39:09.666Z] <<< [apiv2][status] GET https://cloudresourcemanager.googleapis.com/v1/projects/straight-data 200
[debug] [2026-02-11T00:39:09.666Z] <<< [apiv2][body] GET https://cloudresourcemanager.googleapis.com/v1/projects/straight-data {"projectNumber":"526526702616","projectId":"straight-data","lifecycleState":"ACTIVE","name":"straight-data","labels":{"firebase":"enabled","firebase-core":"disabled"},"createTime":"2025-05-09T21:31:06.981479Z"}
[debug] [2026-02-11T00:39:09.666Z] Checked if tokens are valid: true, expires at: 1770773945578
[debug] [2026-02-11T00:39:09.666Z] Checked if tokens are valid: true, expires at: 1770773945578
[debug] [2026-02-11T00:39:09.666Z] >>> [apiv2][query] GET https://secretmanager.googleapis.com/v1/projects/straight-data/secrets/NEXTAUTH_SECRET [none]
[debug] [2026-02-11T00:39:09.991Z] <<< [apiv2][status] GET https://secretmanager.googleapis.com/v1/projects/straight-data/secrets/NEXTAUTH_SECRET 404
[debug] [2026-02-11T00:39:09.991Z] <<< [apiv2][body] GET https://secretmanager.googleapis.com/v1/projects/straight-data/secrets/NEXTAUTH_SECRET {"error":{"code":404,"message":"Secret [projects/526526702616/secrets/NEXTAUTH_SECRET] not found.","status":"NOT_FOUND"}}
[debug] [2026-02-11T00:39:09.992Z] Checked if tokens are valid: true, expires at: 1770773945578
[debug] [2026-02-11T00:39:09.992Z] Checked if tokens are valid: true, expires at: 1770773945578
[debug] [2026-02-11T00:39:09.992Z] >>> [apiv2][query] POST https://secretmanager.googleapis.com/v1/projects/straight-data/secrets secretId=NEXTAUTH_SECRET
[debug] [2026-02-11T00:39:09.992Z] >>> [apiv2][body] POST https://secretmanager.googleapis.com/v1/projects/straight-data/secrets {"name":"NEXTAUTH_SECRET","replication":{"automatic":{}},"labels":{"firebase-managed":"apphosting"}}
[debug] [2026-02-11T00:39:11.497Z] <<< [apiv2][status] POST https://secretmanager.googleapis.com/v1/projects/straight-data/secrets 200
[debug] [2026-02-11T00:39:11.497Z] <<< [apiv2][body] POST https://secretmanager.googleapis.com/v1/projects/straight-data/secrets {"name":"projects/526526702616/secrets/NEXTAUTH_SECRET","replication":{"automatic":{}},"createTime":"2026-02-11T00:39:09.024344Z","labels":{"firebase-managed":"apphosting"},"etag":"\"164a8199b6a2d9\""}
[info] +  Created new secret projects/straight-data/secrets/NEXTAUTH_SECRET 
[debug] [2026-02-11T00:40:17.099Z] ----------------------------------------------------------------------
[debug] [2026-02-11T00:40:17.102Z] Command:       C:\Program Files\nodejs\node.exe C:\Users\einar\AppData\Roaming\npm\node_modules\firebase-tools\lib\bin\firebase.js apphosting:secrets:set FIREBASE_CLIENT_EMAIL --project straight-data
[debug] [2026-02-11T00:40:17.102Z] CLI Version:   14.24.0
[debug] [2026-02-11T00:40:17.102Z] Platform:      win32
[debug] [2026-02-11T00:40:17.102Z] Node Version:  v22.19.0
[debug] [2026-02-11T00:40:17.103Z] Time:          Wed Feb 11 2026 01:40:17 GMT+0100 (Central European Standard Time)
[debug] [2026-02-11T00:40:17.103Z] ----------------------------------------------------------------------
[debug] 
[debug] [2026-02-11T00:40:17.110Z] > command requires scopes: ["email","openid","https://www.googleapis.com/auth/cloudplatformprojects.readonly","https://www.googleapis.com/auth/firebase","https://www.googleapis.com/auth/cloud-platform"]
[debug] [2026-02-11T00:40:17.110Z] > authorizing via signed-in user (einar.k.holt@gmail.com)
[debug] [2026-02-11T00:40:17.111Z] > command requires scopes: ["email","openid","https://www.googleapis.com/auth/cloudplatformprojects.readonly","https://www.googleapis.com/auth/firebase","https://www.googleapis.com/auth/cloud-platform"]
[debug] [2026-02-11T00:40:17.111Z] > authorizing via signed-in user (einar.k.holt@gmail.com)
[debug] [2026-02-11T00:40:17.111Z] [iam] checking project straight-data for permissions ["firebase.projects.get","secretmanager.secrets.create","secretmanager.secrets.get","secretmanager.secrets.getIamPolicy","secretmanager.secrets.setIamPolicy","secretmanager.secrets.update","secretmanager.versions.add"]
[debug] [2026-02-11T00:40:17.112Z] Checked if tokens are valid: true, expires at: 1770773945578
[debug] [2026-02-11T00:40:17.112Z] Checked if tokens are valid: true, expires at: 1770773945578
[debug] [2026-02-11T00:40:17.113Z] >>> [apiv2][query] POST https://cloudresourcemanager.googleapis.com/v1/projects/straight-data:testIamPermissions [none]
[debug] [2026-02-11T00:40:17.113Z] >>> [apiv2][(partial)header] POST https://cloudresourcemanager.googleapis.com/v1/projects/straight-data:testIamPermissions x-goog-quota-user=projects/straight-data
[debug] [2026-02-11T00:40:17.113Z] >>> [apiv2][body] POST https://cloudresourcemanager.googleapis.com/v1/projects/straight-data:testIamPermissions {"permissions":["firebase.projects.get","secretmanager.secrets.create","secretmanager.secrets.get","secretmanager.secrets.getIamPolicy","secretmanager.secrets.setIamPolicy","secretmanager.secrets.update","secretmanager.versions.add"]}
